<?xml version="1.0" encoding="UTF-8"?>
<testsuite name="org.example.security.service.JwtDecodeServiceTest" tests="11" skipped="0" failures="0" errors="0" timestamp="2024-05-22T16:45:26" hostname="TTB-FVFHP4HBQ05P" time="0.091">
  <properties/>
  <testcase name="decode authorization header [authorization: null, expectedResult: JwtAuthentication [Principal=null, Credentials=[PROTECTED], Authenticated=false, Details=null, Granted Authorities=[]], #0]" classname="org.example.security.service.JwtDecodeServiceTest" time="0.006"/>
  <testcase name="decode authorization header [authorization: , expectedResult: JwtAuthentication [Principal=null, Credentials=[PROTECTED], Authenticated=false, Details=null, Granted Authorities=[]], #1]" classname="org.example.security.service.JwtDecodeServiceTest" time="0.001"/>
  <testcase name="decode authorization header [authorization: Bearer , expectedResult: JwtAuthentication [Principal=null, Credentials=[PROTECTED], Authenticated=false, Details=null, Granted Authorities=[]], #2]" classname="org.example.security.service.JwtDecodeServiceTest" time="0.0"/>
  <testcase name="decode authorization header [authorization: bearer  , expectedResult: JwtAuthentication [Principal=null, Credentials=[PROTECTED], Authenticated=false, Details=null, Granted Authorities=[]], #3]" classname="org.example.security.service.JwtDecodeServiceTest" time="0.0"/>
  <testcase name="decode authorization header [authorization: Bearer YWJj, expectedResult: JwtAuthentication [Principal=null, Credentials=[PROTECTED], Authenticated=false, Details=null, Granted Authorities=[]], #4]" classname="org.example.security.service.JwtDecodeServiceTest" time="0.0"/>
  <testcase name="decode authorization header [authorization: Bearer YWJj.a2FzZA==, expectedResult: JwtAuthentication [Principal=null, Credentials=[PROTECTED], Authenticated=false, Details=null, Granted Authorities=[]], #5]" classname="org.example.security.service.JwtDecodeServiceTest" time="0.0"/>
  <testcase name="decode authorization header [authorization: Bearer YWJj..a2FzZA==, expectedResult: JwtAuthentication [Principal=null, Credentials=[PROTECTED], Authenticated=false, Details=null, Granted Authorities=[]], #6]" classname="org.example.security.service.JwtDecodeServiceTest" time="0.0"/>
  <testcase name="decode authorization header [authorization: Bearer YWJj.jahjsd987qw.a2FzZA==, expectedResult: JwtAuthentication [Principal=null, Credentials=[PROTECTED], Authenticated=false, Details=null, Granted Authorities=[]], #7]" classname="org.example.security.service.JwtDecodeServiceTest" time="0.058"/>
  <testcase name="decode authorization header [authorization: Bearer ZHVtbXk=.aW52YWxpZCBwYXlsb2Fk.ZHVtbXk=, expectedResult: JwtAuthentication [Principal=null, Credentials=[PROTECTED], Authenticated=false, Details=null, Granted Authorities=[]], #8]" classname="org.example.security.service.JwtDecodeServiceTest" time="0.0"/>
  <testcase name="decode authorization header [authorization: Bearer ZHVtbXk=.eyJzdGFmZl9pZCI6IjYxNjQzIn0=.ZHVtbXk=, expectedResult: JwtAuthentication [Principal=61643, Credentials=[PROTECTED], Authenticated=true, Details=null, Granted Authorities=[]], #9]" classname="org.example.security.service.JwtDecodeServiceTest" time="0.019"/>
  <testcase name="decode authorization header [authorization: Bearer ZHVtbXk=.eyJzdGFmZl9pZCI6IjYxNjQzIiwicGVybWlzc2lvbnMiOlsiRVhQT1JUX1JFUE9SVCIsIlFVRVJZX0FDVElWSVRZX0xPRyJdfQ==.ZHVtbXk=, expectedResult: JwtAuthentication [Principal=61643, Credentials=[PROTECTED], Authenticated=true, Details=null, Granted Authorities=[EXPORT_REPORT, QUERY_ACTIVITY_LOG]], #10]" classname="org.example.security.service.JwtDecodeServiceTest" time="0.001"/>
  <system-out><![CDATA[]]></system-out>
  <system-err><![CDATA[]]></system-err>
</testsuite>
