<?xml version="1.0" encoding="UTF-8"?>
<testsuite name="com.example.libuser.LibTesterSpec" tests="8" skipped="0" failures="0" errors="0" timestamp="2024-05-23T01:11:43" hostname="TTB-FVFHP4HBQ05P" time="0.883">
  <properties/>
  <testcase name="Test access endpoints [token: eyJhbGciOiJIUzI1NiIsInR5cCI6IkpXVCJ9.eyJzdGFmZl9pZCI6IjYxNjQzIiwicGVybWlzc2lvbnMiOlsiSU5RVUlSRSIsIlJPTEVfR0VORVJBVEUiXX0.HqQ-NGw3b6DZ8FhMoLwvblRNgziUdLe6CAKgzTqjqFI, url: /api/v1/secure/inquire, expectedStatus: 200, #0]" classname="com.example.libuser.LibTesterSpec" time="0.789"/>
  <testcase name="Test access endpoints [token: eyJhbGciOiJIUzI1NiIsInR5cCI6IkpXVCJ9.eyJzdGFmZl9pZCI6IjYxNjQzIiwicGVybWlzc2lvbnMiOlsiSU5RVUlSRSIsIlJPTEVfR0VORVJBVEUiXX0.HqQ-NGw3b6DZ8FhMoLwvblRNgziUdLe6CAKgzTqjqFI, url: /api/v1/secure/generate, expectedStatus: 200, #1]" classname="com.example.libuser.LibTesterSpec" time="0.011"/>
  <testcase name="Test access endpoints [token: eyJhbGciOiJIUzI1NiIsInR5cCI6IkpXVCJ9.eyJzdGFmZl9pZCI6IjYxNjQzIiwicGVybWlzc2lvbnMiOlsiSU5RVUlSRSIsIlJPTEVfR0VORVJBVEUiXX0.HqQ-NGw3b6DZ8FhMoLwvblRNgziUdLe6CAKgzTqjqFI, url: /api/v1/secure/count, expectedStatus: 403, #2]" classname="com.example.libuser.LibTesterSpec" time="0.029"/>
  <testcase name="Test access endpoints [token: eyJhbGciOiJIUzI1NiIsInR5cCI6IkpXVCJ9.eyJzdGFmZl9pZCI6IjYxNjQzIiwicGVybWlzc2lvbnMiOlsiSU5RVUlSRSIsIlJPTEVfR0VORVJBVEUiXX0.HqQ-NGw3b6DZ8FhMoLwvblRNgziUdLe6CAKgzTqjqFI, url: /api/v1/secure/sum, expectedStatus: 200, #3]" classname="com.example.libuser.LibTesterSpec" time="0.012"/>
  <testcase name="Test access endpoints [token: , url: /api/v1/secure/inquire, expectedStatus: 403, #4]" classname="com.example.libuser.LibTesterSpec" time="0.009"/>
  <testcase name="Test access endpoints [token: , url: /api/v1/secure/generate, expectedStatus: 403, #5]" classname="com.example.libuser.LibTesterSpec" time="0.009"/>
  <testcase name="Test access endpoints [token: , url: /api/v1/secure/count, expectedStatus: 403, #6]" classname="com.example.libuser.LibTesterSpec" time="0.009"/>
  <testcase name="Test access endpoints [token: , url: /api/v1/secure/sum, expectedStatus: 200, #7]" classname="com.example.libuser.LibTesterSpec" time="0.009"/>
  <system-out><![CDATA[
  .   ____          _            __ _ _
 /\\ / ___'_ __ _ _(_)_ __  __ _ \ \ \ \
( ( )\___ | '_ | '_| | '_ \/ _` | \ \ \ \
 \\/  ___)| |_)| | | | | || (_| |  ) ) ) )
  '  |____| .__|_| |_|_| |_\__, | / / / /
 =========|_|==============|___/=/_/_/_/
 :: Spring Boot ::                (v3.2.5)

2024-05-23T08:11:42.414+07:00  INFO 11538 --- [    Test worker] com.example.libuser.LibTesterSpec        : Starting LibTesterSpec using Java 17.0.11 with PID 11538 (started by 61643 in /Users/tin/Code/tinnan/learn-java/learn-build-spring-lib/lib-tester)
2024-05-23T08:11:42.416+07:00  INFO 11538 --- [    Test worker] com.example.libuser.LibTesterSpec        : No active profile set, falling back to 1 default profile: "default"
2024-05-23T08:11:42.912+07:00  INFO 11538 --- [    Test worker] o.s.b.w.embedded.tomcat.TomcatWebServer  : Tomcat initialized with port 61127 (http)
2024-05-23T08:11:42.919+07:00  INFO 11538 --- [    Test worker] o.apache.catalina.core.StandardService   : Starting service [Tomcat]
2024-05-23T08:11:42.919+07:00  INFO 11538 --- [    Test worker] o.apache.catalina.core.StandardEngine    : Starting Servlet engine: [Apache Tomcat/10.1.20]
2024-05-23T08:11:42.948+07:00  INFO 11538 --- [    Test worker] o.a.c.c.C.[Tomcat].[localhost].[/]       : Initializing Spring embedded WebApplicationContext
2024-05-23T08:11:42.948+07:00  INFO 11538 --- [    Test worker] w.s.c.ServletWebServerApplicationContext : Root WebApplicationContext: initialization completed in 513 ms
2024-05-23T08:11:43.010+07:00 DEBUG 11538 --- [    Test worker] swordEncoderAuthenticationManagerBuilder : No authenticationProviders and no parentAuthenticationManager defined. Returning null.
2024-05-23T08:11:43.141+07:00  INFO 11538 --- [    Test worker] o.s.s.web.DefaultSecurityFilterChain     : Will secure Ant [pattern='/**/secure/**'] with [org.springframework.security.web.session.DisableEncodeUrlFilter@2acca224, org.springframework.security.web.context.request.async.WebAsyncManagerIntegrationFilter@7ac685ef, org.springframework.security.web.context.SecurityContextHolderFilter@4348fa35, org.springframework.security.web.header.HeaderWriterFilter@d949bc4, org.springframework.web.filter.CorsFilter@223cbf0d, org.springframework.security.web.csrf.CsrfFilter@717a8a76, org.springframework.security.web.authentication.logout.LogoutFilter@6533629, org.example.security.configuration.filter.JwtDecodeFilter@4a4ff5ed, org.springframework.security.web.savedrequest.RequestCacheAwareFilter@38cb1606, org.springframework.security.web.servletapi.SecurityContextHolderAwareRequestFilter@655909e2, org.springframework.security.web.authentication.AnonymousAuthenticationFilter@5ddb302, org.springframework.security.web.session.SessionManagementFilter@1029cf9, org.springframework.security.web.access.ExceptionTranslationFilter@1dbff71c]
2024-05-23T08:11:43.235+07:00  INFO 11538 --- [    Test worker] o.s.b.w.embedded.tomcat.TomcatWebServer  : Tomcat started on port 61127 (http) with context path ''
2024-05-23T08:11:43.240+07:00  INFO 11538 --- [    Test worker] com.example.libuser.LibTesterSpec        : Started LibTesterSpec in 0.98 seconds (process running for 1.725)
2024-05-23T08:11:43.963+07:00  INFO 11538 --- [io-61127-exec-1] o.a.c.c.C.[Tomcat].[localhost].[/]       : Initializing Spring DispatcherServlet 'dispatcherServlet'
2024-05-23T08:11:43.963+07:00  INFO 11538 --- [io-61127-exec-1] o.s.web.servlet.DispatcherServlet        : Initializing Servlet 'dispatcherServlet'
2024-05-23T08:11:43.963+07:00  INFO 11538 --- [io-61127-exec-1] o.s.web.servlet.DispatcherServlet        : Completed initialization in 0 ms
2024-05-23T08:11:43.969+07:00 DEBUG 11538 --- [io-61127-exec-1] o.s.security.web.FilterChainProxy        : Securing GET /api/v1/secure/inquire
2024-05-23T08:11:43.993+07:00 DEBUG 11538 --- [io-61127-exec-1] o.s.security.web.FilterChainProxy        : Secured GET /api/v1/secure/inquire
2024-05-23T08:11:44.001+07:00 DEBUG 11538 --- [io-61127-exec-1] horizationManagerBeforeMethodInterceptor : Authorizing method invocation ReflectiveMethodInvocation: public java.lang.String com.example.libuser.controller.LibTesterController.inquire(); target is of class [com.example.libuser.controller.LibTesterController]
2024-05-23T08:11:44.013+07:00 DEBUG 11538 --- [io-61127-exec-1] horizationManagerBeforeMethodInterceptor : Authorized method invocation ReflectiveMethodInvocation: public java.lang.String com.example.libuser.controller.LibTesterController.inquire(); target is of class [com.example.libuser.controller.LibTesterController]
2024-05-23T08:11:44.039+07:00 DEBUG 11538 --- [io-61127-exec-2] o.s.security.web.FilterChainProxy        : Securing GET /api/v1/secure/generate
2024-05-23T08:11:44.040+07:00 DEBUG 11538 --- [io-61127-exec-2] o.s.security.web.FilterChainProxy        : Secured GET /api/v1/secure/generate
2024-05-23T08:11:44.040+07:00 DEBUG 11538 --- [io-61127-exec-2] horizationManagerBeforeMethodInterceptor : Authorizing method invocation ReflectiveMethodInvocation: public java.lang.String com.example.libuser.controller.LibTesterController.generate(); target is of class [com.example.libuser.controller.LibTesterController]
2024-05-23T08:11:44.041+07:00 DEBUG 11538 --- [io-61127-exec-2] horizationManagerBeforeMethodInterceptor : Authorized method invocation ReflectiveMethodInvocation: public java.lang.String com.example.libuser.controller.LibTesterController.generate(); target is of class [com.example.libuser.controller.LibTesterController]
2024-05-23T08:11:44.050+07:00 DEBUG 11538 --- [io-61127-exec-3] o.s.security.web.FilterChainProxy        : Securing GET /api/v1/secure/count
2024-05-23T08:11:44.051+07:00 DEBUG 11538 --- [io-61127-exec-3] o.s.security.web.FilterChainProxy        : Secured GET /api/v1/secure/count
2024-05-23T08:11:44.051+07:00 DEBUG 11538 --- [io-61127-exec-3] horizationManagerBeforeMethodInterceptor : Authorizing method invocation ReflectiveMethodInvocation: public java.lang.Integer com.example.libuser.controller.LibTesterController.count(); target is of class [com.example.libuser.controller.LibTesterController]
2024-05-23T08:11:44.052+07:00 DEBUG 11538 --- [io-61127-exec-3] horizationManagerBeforeMethodInterceptor : Failed to authorize ReflectiveMethodInvocation: public java.lang.Integer com.example.libuser.controller.LibTesterController.count(); target is of class [com.example.libuser.controller.LibTesterController] with authorization manager org.springframework.security.config.annotation.method.configuration.DeferringObservationAuthorizationManager@1f4daeb9 and decision ExpressionAuthorizationDecision [granted=false, expressionAttribute=hasRole('COUNT')]
2024-05-23T08:11:44.054+07:00 DEBUG 11538 --- [io-61127-exec-3] o.s.s.w.access.AccessDeniedHandlerImpl   : Responding with 403 status code
2024-05-23T08:11:44.082+07:00 DEBUG 11538 --- [io-61127-exec-5] o.s.security.web.FilterChainProxy        : Securing GET /api/v1/secure/sum
2024-05-23T08:11:44.082+07:00 DEBUG 11538 --- [io-61127-exec-5] o.s.security.web.FilterChainProxy        : Secured GET /api/v1/secure/sum
2024-05-23T08:11:44.092+07:00 DEBUG 11538 --- [io-61127-exec-6] o.s.security.web.FilterChainProxy        : Securing GET /api/v1/secure/inquire
2024-05-23T08:11:44.092+07:00 DEBUG 11538 --- [io-61127-exec-6] o.e.security.service.JwtDecodeService    : Token is empty.
2024-05-23T08:11:44.093+07:00 DEBUG 11538 --- [io-61127-exec-6] o.s.security.web.FilterChainProxy        : Secured GET /api/v1/secure/inquire
2024-05-23T08:11:44.093+07:00 DEBUG 11538 --- [io-61127-exec-6] horizationManagerBeforeMethodInterceptor : Authorizing method invocation ReflectiveMethodInvocation: public java.lang.String com.example.libuser.controller.LibTesterController.inquire(); target is of class [com.example.libuser.controller.LibTesterController]
2024-05-23T08:11:44.093+07:00 DEBUG 11538 --- [io-61127-exec-6] horizationManagerBeforeMethodInterceptor : Failed to authorize ReflectiveMethodInvocation: public java.lang.String com.example.libuser.controller.LibTesterController.inquire(); target is of class [com.example.libuser.controller.LibTesterController] with authorization manager org.springframework.security.config.annotation.method.configuration.DeferringObservationAuthorizationManager@1f4daeb9 and decision ExpressionAuthorizationDecision [granted=false, expressionAttribute=hasAuthority('INQUIRE')]
2024-05-23T08:11:44.093+07:00 DEBUG 11538 --- [io-61127-exec-6] o.s.s.w.access.AccessDeniedHandlerImpl   : Responding with 403 status code
2024-05-23T08:11:44.102+07:00 DEBUG 11538 --- [io-61127-exec-7] o.s.security.web.FilterChainProxy        : Securing GET /api/v1/secure/generate
2024-05-23T08:11:44.103+07:00 DEBUG 11538 --- [io-61127-exec-7] o.e.security.service.JwtDecodeService    : Token is empty.
2024-05-23T08:11:44.103+07:00 DEBUG 11538 --- [io-61127-exec-7] o.s.security.web.FilterChainProxy        : Secured GET /api/v1/secure/generate
2024-05-23T08:11:44.103+07:00 DEBUG 11538 --- [io-61127-exec-7] horizationManagerBeforeMethodInterceptor : Authorizing method invocation ReflectiveMethodInvocation: public java.lang.String com.example.libuser.controller.LibTesterController.generate(); target is of class [com.example.libuser.controller.LibTesterController]
2024-05-23T08:11:44.103+07:00 DEBUG 11538 --- [io-61127-exec-7] horizationManagerBeforeMethodInterceptor : Failed to authorize ReflectiveMethodInvocation: public java.lang.String com.example.libuser.controller.LibTesterController.generate(); target is of class [com.example.libuser.controller.LibTesterController] with authorization manager org.springframework.security.config.annotation.method.configuration.DeferringObservationAuthorizationManager@1f4daeb9 and decision ExpressionAuthorizationDecision [granted=false, expressionAttribute=hasRole('GENERATE')]
2024-05-23T08:11:44.103+07:00 DEBUG 11538 --- [io-61127-exec-7] o.s.s.w.access.AccessDeniedHandlerImpl   : Responding with 403 status code
2024-05-23T08:11:44.111+07:00 DEBUG 11538 --- [io-61127-exec-8] o.s.security.web.FilterChainProxy        : Securing GET /api/v1/secure/count
2024-05-23T08:11:44.112+07:00 DEBUG 11538 --- [io-61127-exec-8] o.e.security.service.JwtDecodeService    : Token is empty.
2024-05-23T08:11:44.112+07:00 DEBUG 11538 --- [io-61127-exec-8] o.s.security.web.FilterChainProxy        : Secured GET /api/v1/secure/count
2024-05-23T08:11:44.112+07:00 DEBUG 11538 --- [io-61127-exec-8] horizationManagerBeforeMethodInterceptor : Authorizing method invocation ReflectiveMethodInvocation: public java.lang.Integer com.example.libuser.controller.LibTesterController.count(); target is of class [com.example.libuser.controller.LibTesterController]
2024-05-23T08:11:44.112+07:00 DEBUG 11538 --- [io-61127-exec-8] horizationManagerBeforeMethodInterceptor : Failed to authorize ReflectiveMethodInvocation: public java.lang.Integer com.example.libuser.controller.LibTesterController.count(); target is of class [com.example.libuser.controller.LibTesterController] with authorization manager org.springframework.security.config.annotation.method.configuration.DeferringObservationAuthorizationManager@1f4daeb9 and decision ExpressionAuthorizationDecision [granted=false, expressionAttribute=hasRole('COUNT')]
2024-05-23T08:11:44.113+07:00 DEBUG 11538 --- [io-61127-exec-8] o.s.s.w.access.AccessDeniedHandlerImpl   : Responding with 403 status code
2024-05-23T08:11:44.123+07:00 DEBUG 11538 --- [io-61127-exec-9] o.s.security.web.FilterChainProxy        : Securing GET /api/v1/secure/sum
2024-05-23T08:11:44.123+07:00 DEBUG 11538 --- [io-61127-exec-9] o.e.security.service.JwtDecodeService    : Token is empty.
2024-05-23T08:11:44.123+07:00 DEBUG 11538 --- [io-61127-exec-9] o.s.security.web.FilterChainProxy        : Secured GET /api/v1/secure/sum
]]></system-out>
  <system-err><![CDATA[]]></system-err>
</testsuite>
